[17:40:57] [ServerMain/INFO]: Environment: Environment[sessionHost=https://sessionserver.mojang.com, servicesHost=https://api.minecraftservices.com, name=PROD]
[17:41:00] [ServerMain/INFO]: Loaded 1174 recipes
[17:41:01] [ServerMain/INFO]: Loaded 1271 advancements
[17:41:01] [Server thread/INFO]: Starting minecraft server version 1.20.4
[17:41:01] [Server thread/INFO]: Loading properties
[17:41:01] [Server thread/INFO]: This server is running Paper version git-Paper-497 (MC: 1.20.4) (Implementing API version 1.20.4-R0.1-SNAPSHOT) (Git: d8d54d9 on ver/1.20.4)
[17:41:02] [Server thread/INFO]: Server Ping Player Sample Count: 12
[17:41:02] [Server thread/INFO]: Using 4 threads for Netty based IO
[17:41:02] [Server thread/WARN]: [!] The timings profiler has been enabled but has been scheduled for removal from Paper in the future.
    We recommend installing the spark profiler as a replacement: https://spark.lucko.me/
    For more information please visit: https://github.com/PaperMC/Paper/issues/8948
[17:41:02] [Server thread/INFO]: [ChunkTaskScheduler] Chunk system is using 1 I/O threads, 1 worker threads, and gen parallelism of 1 threads
[17:41:03] [Server thread/INFO]: Default game type: SURVIVAL
[17:41:03] [Server thread/INFO]: Generating keypair
[17:41:03] [Server thread/INFO]: Starting Minecraft server on *:25565
[17:41:03] [Server thread/INFO]: Using epoll channel type
[17:41:03] [Server thread/INFO]: Paper: Using libdeflate (Linux x86_64) compression from Velocity.
[17:41:03] [Server thread/INFO]: Paper: Using OpenSSL 1.1.x (Linux x86_64) cipher from Velocity.
[17:41:03] [Server thread/INFO]: [ViaVersion] Loading server plugin ViaVersion v5.0.3
[17:41:03] [Server thread/INFO]: [ViaVersion] ViaVersion 5.0.3 is now loaded. Registering protocol transformers and injecting...
[17:41:04] [Via-Mappingloader-0/INFO]: [ViaVersion] Loading block connection mappings ...
[17:41:04] [Via-Mappingloader-0/INFO]: [ViaVersion] Using FastUtil Long2ObjectOpenHashMap for block connections
[17:41:04] [Server thread/INFO]: [ViaBackwards] Loading translations...
[17:41:04] [Server thread/INFO]: [ViaBackwards] Registering protocols...
[17:41:05] [Server thread/INFO]: [ViaRewind] Registering protocols...
[17:41:05] [Server thread/INFO]: [ViaBackwards] Loading server plugin ViaBackwards v5.0.3
[17:41:05] [Server thread/INFO]: [ViaRewind] Loading server plugin ViaRewind v4.0.2
[17:41:05] [Server thread/INFO]: Server permissions file permissions.yml is empty, ignoring it
[17:41:05] [Server thread/INFO]: [ViaRewind] Enabling ViaRewind v4.0.2
[17:41:05] [Server thread/WARN]: **** SERVER IS RUNNING IN OFFLINE/INSECURE MODE!
[17:41:05] [Server thread/WARN]: The server will make no attempt to authenticate usernames. Beware.
[17:41:05] [Server thread/WARN]: While this makes the game possible to play without internet access, it also opens up the ability for hackers to connect with any username they choose.
[17:41:05] [Server thread/WARN]: To change this, set "online-mode" to "true" in the server.properties file.
[17:41:05] [Server thread/INFO]: Preparing level "world"
[17:41:06] [Server thread/INFO]: Preparing start region for dimension minecraft:overworld
[17:41:06] [Server thread/INFO]: Time elapsed: 208 ms
[17:41:06] [Server thread/INFO]: Preparing start region for dimension minecraft:the_nether
[17:41:06] [Server thread/INFO]: Time elapsed: 154 ms
[17:41:06] [Server thread/INFO]: Preparing start region for dimension minecraft:the_end
[17:41:06] [Server thread/INFO]: Time elapsed: 86 ms
[17:41:06] [Server thread/INFO]: [ViaVersion] Enabling ViaVersion v5.0.3
[17:41:06] [Server thread/INFO]: [ViaVersion] ViaVersion detected server version: 1.20.3-1.20.4 (765)
[17:41:06] [Server thread/INFO]: [ViaBackwards] Enabling ViaBackwards v5.0.3
[17:41:06] [Server thread/INFO]: Running delayed init tasks
[17:41:06] [Server thread/INFO]: Done (5.361s)! For help, type "help"
[17:41:06] [Server thread/INFO]: Timings Reset
[17:41:06] [Craft Scheduler Thread - 2 - ViaVersion/INFO]: [ViaVersion] Finished mapping loading, shutting down loader executor!
[17:41:07] [Server thread/WARN]: [ViaVersion] There is a newer plugin version available: 5.1.1, you're on: 5.0.3
[17:41:40] [Server thread/INFO]: Unknown command. Type "/help" for help.
[17:42:50] [User Authenticator #0/INFO]: UUID of player lugoflenbot2 is 42209a46-18ad-3a8f-9a22-f862b217e548
[17:42:50] [Server thread/INFO]: lugoflenbot2 joined the game
[17:42:50] [Server thread/INFO]: lugoflenbot2[/127.127.4.168:56859] logged in with entity id 229 at ([world]-207.5, 81.0, -166.5)
[17:44:00] [User Authenticator #1/INFO]: UUID of player lugoflenbot is e57338d1-01ca-3da1-878a-4dee86f4fc35
[17:44:00] [Server thread/INFO]: lugoflenbot joined the game
[17:44:00] [Server thread/INFO]: lugoflenbot[/127.41.127.220:40355] logged in with entity id 476 at ([world]-203.5, 80.0, -166.5)
[17:44:48] [Server thread/INFO]: lugoflenbot2 drowned
[17:46:13] [Server thread/INFO]: lugoflenbot2 drowned
[17:46:42] [Server thread/INFO]: CONSOLE: Are you sure you wish to reload your server? Doing so may cause bugs and memory leaks. It is recommended to restart instead of using /reload. To confirm, please type /reload confirm
[17:46:51] [Server thread/INFO]: CONSOLE: Please note that this command is not supported and may cause issues when using some plugins.
[17:46:51] [Server thread/INFO]: CONSOLE: If you encounter any issues please use the /stop command to restart your server.
[17:46:51] [Server thread/INFO]: Server Ping Player Sample Count: 12
[17:46:51] [Server thread/INFO]: Using 4 threads for Netty based IO
[17:46:51] [Server thread/INFO]: [ViaRewind] Disabling ViaRewind v4.0.2
[17:46:51] [Server thread/INFO]: [ViaBackwards] Disabling ViaBackwards v5.0.3
[17:46:51] [Server thread/INFO]: [ViaVersion] Disabling ViaVersion v5.0.3
[17:46:51] [Server thread/INFO]: [ViaVersion] ViaVersion is disabling. If this is a reload and you experience issues, please reboot instead.
[17:46:51] [Server thread/INFO]: [ViaVersion] ViaVersion has been disabled; uninjected the platform and shut down the scheduler.
[17:46:52] [Server thread/INFO]: Loaded 1174 recipes
[17:46:52] [Server thread/INFO]: Loaded 1271 advancements
[17:46:52] [Server thread/INFO]: [ViaVersion] Loading server plugin ViaVersion v5.0.3
[17:46:52] [Server thread/INFO]: [ViaVersion] ViaVersion 5.0.3 is now loaded. Registering protocol transformers and injecting...
[17:46:52] [Server thread/ERROR]: [ViaVersion] ViaVersion is already loaded, this should work fine. If you get any console errors, try rebooting.
[17:46:53] [Via-Mappingloader-0/INFO]: [ViaVersion] Loading block connection mappings ...
[17:46:53] [Via-Mappingloader-0/INFO]: [ViaVersion] Using FastUtil Long2ObjectOpenHashMap for block connections
[17:46:53] [Server thread/INFO]: [ViaBackwards] Loading translations...
[17:46:53] [Server thread/INFO]: [ViaBackwards] Registering protocols...
[17:46:53] [Server thread/INFO]: [ViaRewind] Registering protocols...
[17:46:53] [Server thread/INFO]: [ViaBackwards] Loading server plugin ViaBackwards v5.0.3
[17:46:53] [Server thread/INFO]: [ViaRewind] Loading server plugin ViaRewind v4.0.2
[17:46:53] [Server thread/INFO]: Server permissions file permissions.yml is empty, ignoring it
[17:46:53] [Server thread/INFO]: [ViaRewind] Enabling ViaRewind v4.0.2
[17:46:53] [Server thread/INFO]: [ViaVersion] Enabling ViaVersion v5.0.3
[17:46:53] [Server thread/INFO]: [ViaVersion] ViaVersion detected server version: 1.20.3-1.20.4 (765)
[17:46:53] [Server thread/INFO]: [ViaBackwards] Enabling ViaBackwards v5.0.3
[17:46:53] [Server thread/INFO]: CONSOLE: Reload complete.
[17:46:53] [Server thread/INFO]: Timings Reset
[17:46:53] [Craft Scheduler Thread - 6 - ViaVersion/INFO]: [ViaVersion] Finished mapping loading, shutting down loader executor!
[17:46:54] [Server thread/WARN]: [ViaVersion] There is a newer plugin version available: 5.1.1, you're on: 5.0.3
[17:47:13] [User Authenticator #2/INFO]: UUID of player lugoflen is 64976df5-9f96-38cb-9551-2f371dcc84fe
[17:47:15] [Server thread/INFO]: lugoflen joined the game
[17:47:15] [Server thread/INFO]: lugoflen[/127.132.18.43:49397] logged in with entity id 972 at ([world]-210.5, 81.0, -151.5)
[17:47:41] [Server thread/INFO]: lugoflenbot lost connection: Disconnected
[17:47:41] [Server thread/INFO]: lugoflenbot left the game
[17:48:00] [User Authenticator #2/INFO]: UUID of player lugoflenbot is e57338d1-01ca-3da1-878a-4dee86f4fc35
[17:48:00] [Server thread/INFO]: lugoflenbot joined the game
[17:48:00] [Server thread/INFO]: lugoflenbot[/127.41.127.220:52171] logged in with entity id 1077 at ([world]-200.3126412522245, 79.0, -171.71716057444297)
[17:48:07] [Server thread/INFO]: Made lugoflen a server operator
[17:48:14] [Server thread/INFO]: lugoflen issued server command: /op lugoflenbot2
[17:48:14] [Server thread/INFO]: [lugoflen: Made lugoflenbot2 a server operator]
[17:48:45] [Server thread/INFO]: lugoflenbot2 was slain by lugoflen
[17:49:12] [Server thread/INFO]: lugoflen issued server command: /gamemode creative
[17:49:12] [Server thread/INFO]: [lugoflen: Set own game mode to Creative Mode]
[17:49:33] [Server thread/INFO]: lugoflenbot has made the advancement [Suit Up]
[17:49:33] [Server thread/INFO]: lugoflenbot has completed the challenge [Cover Me in Debris]
[17:50:56] [Server thread/INFO]: lugoflenbot was slain by Zombie
